<?xml version="1.0" encoding="UTF-8"?>
<!-- Generated by org.testng.reporters.JUnitReportReporter -->
<testsuite hostname="LAPTOP-QVB1I81J" failures="0" tests="5" name="com.fcrm.qa.testcases.ContactsPageTest" time="270.857" errors="0" timestamp="03 Nov 2018 15:43:40 GMT" skipped="0">
  <testcase classname="com.fcrm.qa.testcases.ContactsPageTest" name="verifyContactsLabelTest" time="48.245"/>
  <testcase classname="com.fcrm.qa.testcases.ContactsPageTest" name="verifyContactsTest" time="45.964"/>
  <testcase classname="com.fcrm.qa.testcases.ContactsPageTest" name="validateCreateNewContact" time="52.374"/>
  <testcase classname="com.fcrm.qa.testcases.ContactsPageTest" name="validateCreateNewContact" time="51.368"/>
  <testcase classname="com.fcrm.qa.testcases.ContactsPageTest" name="validateCreateNewContact" time="72.906"/>
</testsuite> <!-- com.fcrm.qa.testcases.ContactsPageTest -->
