<?xml version="1.0" encoding="UTF-8"?>
<!-- Generated by org.testng.reporters.JUnitReportReporter -->
<testsuite skipped="0" hostname="TJ-LP-133" name="com.fcrm.qa.testcases.LoginPageTest" tests="3" failures="0" timestamp="03 Dec 2018 07:18:59 GMT" time="75.126" errors="0">
  <testcase name="loginPageTitletest" time="25.222" classname="com.fcrm.qa.testcases.LoginPageTest"/>
  <testcase name="freecrmLogoTest" time="19.680" classname="com.fcrm.qa.testcases.LoginPageTest"/>
  <testcase name="loginTest" time="30.224" classname="com.fcrm.qa.testcases.LoginPageTest"/>
</testsuite> <!-- com.fcrm.qa.testcases.LoginPageTest -->
