<?xml version="1.0" encoding="UTF-8"?>
<!-- Generated by org.testng.reporters.JUnitReportReporter -->
<testsuite hostname="LAPTOP-QVB1I81J" failures="0" tests="3" name="com.fcrm.qa.testcases.LoginPageTest" time="128.717" errors="0" timestamp="09 Nov 2018 11:39:46 GMT" skipped="0">
  <testcase classname="com.fcrm.qa.testcases.LoginPageTest" name="loginPageTitletest" time="41.254"/>
  <testcase classname="com.fcrm.qa.testcases.LoginPageTest" name="freecrmLogoTest" time="41.342"/>
  <testcase classname="com.fcrm.qa.testcases.LoginPageTest" name="loginTest" time="46.121"/>
</testsuite> <!-- com.fcrm.qa.testcases.LoginPageTest -->
