<?xml version="1.0" encoding="UTF-8"?>
<!-- Generated by org.testng.reporters.JUnitReportReporter -->
<testsuite skipped="0" hostname="TJ-LP-133" name="com.fcrm.qa.testcases.ContactsPageTest" tests="1" failures="0" timestamp="03 Dec 2018 11:32:28 GMT" time="30.197" errors="0">
  <testcase name="verifyContactsCreated" time="30.197" classname="com.fcrm.qa.testcases.ContactsPageTest"/>
</testsuite> <!-- com.fcrm.qa.testcases.ContactsPageTest -->
