<?xml version="1.0" encoding="UTF-8"?>
<!-- Generated by org.testng.reporters.JUnitReportReporter -->
<testsuite hostname="LAPTOP-QVB1I81J" failures="0" tests="3" name="com.fcrm.qa.testcases.HomePageTest" time="154.985" errors="0" timestamp="28 Oct 2018 16:58:39 GMT" skipped="0">
  <testcase classname="com.fcrm.qa.testcases.HomePageTest" name="verifyHomePageTitleTest" time="55.645"/>
  <testcase classname="com.fcrm.qa.testcases.HomePageTest" name="verifyusernameTest" time="50.715"/>
  <testcase classname="com.fcrm.qa.testcases.HomePageTest" name="verifyContactsLinkTest" time="48.625"/>
</testsuite> <!-- com.fcrm.qa.testcases.HomePageTest -->
