<?xml version="1.0" encoding="UTF-8"?>
<!-- Generated by org.testng.reporters.JUnitReportReporter -->
<testsuite skipped="0" hostname="TJ-LP-133" name="com.fcrm.qa.testcases.ContactsPageTest" tests="1" failures="0" timestamp="04 Dec 2018 13:27:50 GMT" time="37.381" errors="0">
  <testcase name="verifyEditContactsCreated" time="37.381" classname="com.fcrm.qa.testcases.ContactsPageTest"/>
</testsuite> <!-- com.fcrm.qa.testcases.ContactsPageTest -->
